<?xml version="1.0" encoding="utf-8"?><testsuites name="pytest tests"><testsuite name="pytest" errors="0" failures="0" skipped="0" tests="6" time="3.187" timestamp="2026-06-23T14:48:08.425295+00:00" hostname="agent-env-7b08a4eb-d930-4744-a6b9-3204dc53d1ad"><testcase classname="tests.test_push_notifications_e2e_iter19.TestPushNotificationsE2E" name="test_01_create_ride_request_pushes_driver" time="1.287" /><testcase classname="tests.test_push_notifications_e2e_iter19.TestPushNotificationsE2E" name="test_02_accept_ride_pushes_user" time="0.078" /><testcase classname="tests.test_push_notifications_e2e_iter19.TestPushNotificationsE2E" name="test_03_progress_pickup_pushes_user_with_otp" time="0.047" /><testcase classname="tests.test_push_notifications_e2e_iter19.TestPushNotificationsE2E" name="test_04_cancel_after_accept_pushes_driver" time="0.437" /><testcase classname="tests.test_push_notifications_e2e_iter19.TestPushNotificationsE2E" name="test_05_reject_ride_pushes_user" time="0.091" /><testcase classname="tests.test_push_notifications_e2e_iter19.TestPushNotificationsE2E" name="test_06_no_regression_response_shape" time="1.115" /></testsuite></testsuites>