<?xml version="1.0" encoding="utf-8"?><testsuites name="pytest tests"><testsuite name="pytest" errors="0" failures="0" skipped="0" tests="16" time="3.420" timestamp="2026-06-23T17:39:55.201283+00:00" hostname="agent-env-7b08a4eb-d930-4744-a6b9-3204dc53d1ad"><testcase classname="tests.test_iteration21_driver_earnings_diag.TestAuthGating" name="test_no_token_unauthorized" time="0.253" /><testcase classname="tests.test_iteration21_driver_earnings_diag.TestAuthGating" name="test_user_token_forbidden" time="0.153" /><testcase classname="tests.test_iteration21_driver_earnings_diag.TestAuthGating" name="test_empty_email_returns_400" time="0.118" /><testcase classname="tests.test_iteration21_driver_earnings_diag.TestAuthGating" name="test_recompute_no_token" time="0.114" /><testcase classname="tests.test_iteration21_driver_earnings_diag.TestAuthGating" name="test_recompute_user_token_forbidden" time="0.145" /><testcase classname="tests.test_iteration21_driver_earnings_diag.TestUnknownEmail" name="test_unknown_email" time="0.159" /><testcase classname="tests.test_iteration21_driver_earnings_diag.TestDuplicateProfiles" name="test_duplicate_case_insensitive" time="0.150" /><testcase classname="tests.test_iteration21_driver_earnings_diag.TestRevenueDiscrepancy" name="test_diagnose_shows_discrepancy" time="0.161" /><testcase classname="tests.test_iteration21_driver_earnings_diag.TestRevenueDiscrepancy" name="test_recompute_dry_run" time="0.117" /><testcase classname="tests.test_iteration21_driver_earnings_diag.TestRevenueDiscrepancy" name="test_recompute_persists" time="0.157" /><testcase classname="tests.test_iteration21_driver_earnings_diag.TestRevenueDiscrepancy" name="test_diagnose_after_recompute" time="0.141" /><testcase classname="tests.test_iteration21_driver_earnings_diag.TestPaidMonthsUntouched" name="test_paid_month_skipped" time="0.123" /><testcase classname="tests.test_iteration21_driver_earnings_diag.TestOrphanRides" name="test_orphan_ride_listed" time="1.167" /><testcase classname="tests.test_iteration21_driver_earnings_diag.TestRecomputeValidation" name="test_missing_driver_id_400" time="0.109" /><testcase classname="tests.test_iteration21_driver_earnings_diag.TestRecomputeValidation" name="test_empty_driver_id_400" time="0.102" /><testcase classname="tests.test_iteration21_driver_earnings_diag.TestRecomputeValidation" name="test_unknown_driver_id_404" time="0.104" /></testsuite></testsuites>