<?xml version="1.0" encoding="utf-8"?><testsuites name="pytest tests"><testsuite name="pytest" errors="0" failures="0" skipped="0" tests="8" time="1.932" timestamp="2026-06-24T10:38:07.165082+00:00" hostname="agent-env-7b08a4eb-d930-4744-a6b9-3204dc53d1ad"><testcase classname="tests.test_iteration25_wake_drivers.TestAuth" name="test_no_token_returns_401_or_403" time="0.343" /><testcase classname="tests.test_iteration25_wake_drivers.TestAuth" name="test_admin_token_returns_403" time="0.154" /><testcase classname="tests.test_iteration25_wake_drivers.TestAuth" name="test_driver_token_returns_403" time="0.137" /><testcase classname="tests.test_iteration25_wake_drivers.TestEmptyBody" name="test_empty_body_no_offline_drivers_in_other_region" time="0.156" /><testcase classname="tests.test_iteration25_wake_drivers.TestWakeDriversCore" name="test_wake_drivers_notifies_only_offline_validated" time="0.141" /><testcase classname="tests.test_iteration25_wake_drivers.TestDistanceFormatting" name="test_distance_appears_in_body" time="0.135" /><testcase classname="tests.test_iteration25_wake_drivers.TestRateLimit" name="test_second_call_returns_429" time="0.296" /><testcase classname="tests.test_iteration25_wake_drivers.TestRateLimit" name="test_rate_limit_clears_after_patch" time="0.224" /></testsuite></testsuites>