<?xml version="1.0" encoding="utf-8"?><testsuites name="pytest tests"><testsuite name="pytest" errors="0" failures="0" skipped="0" tests="11" time="2.152" timestamp="2026-06-23T15:26:06.407608+00:00" hostname="agent-env-7b08a4eb-d930-4744-a6b9-3204dc53d1ad"><testcase classname="tests.test_iteration20_qr_tracking.TestQRScanRecord" name="test_record_scan_returns_200" time="0.336" /><testcase classname="tests.test_iteration20_qr_tracking.TestQRScanRecord" name="test_record_scan_is_public" time="0.116" /><testcase classname="tests.test_iteration20_qr_tracking.TestQRScanInvalid" name="test_empty_campaign_returns_400" time="0.154" /><testcase classname="tests.test_iteration20_qr_tracking.TestQRScanInvalid" name="test_missing_campaign_returns_422" time="0.131" /><testcase classname="tests.test_iteration20_qr_tracking.TestQRScanLowercase" name="test_campaign_lowercased" time="0.110" /><testcase classname="tests.test_iteration20_qr_tracking.TestQRStatsAuthGating" name="test_no_token_unauthorized" time="0.164" /><testcase classname="tests.test_iteration20_qr_tracking.TestQRStatsAuthGating" name="test_user_token_forbidden" time="0.467" /><testcase classname="tests.test_iteration20_qr_tracking.TestQRStatsAuthGating" name="test_admin_token_ok" time="0.105" /><testcase classname="tests.test_iteration20_qr_tracking.TestQRStatsAggregation" name="test_aggregation_scans_and_signups" time="0.153" /><testcase classname="tests.test_iteration20_qr_tracking.TestQRStatsAggregation" name="test_untracked_campaign_appears_with_scans_zero" time="0.152" /><testcase classname="tests.test_iteration20_qr_tracking.TestScansLast7Days" name="test_old_scans_excluded" time="0.124" /></testsuite></testsuites>