<?xml version="1.0" encoding="utf-8"?><testsuites name="pytest tests"><testsuite name="pytest" errors="0" failures="0" skipped="0" tests="11" time="2.020" timestamp="2026-04-01T17:30:25.818073+00:00" hostname="agent-env-7b08a4eb-d930-4744-a6b9-3204dc53d1ad"><testcase classname="tests.test_regression_iteration9.TestHealthAndBasicEndpoints" name="test_regions_endpoint" time="0.210" /><testcase classname="tests.test_regression_iteration9.TestHealthAndBasicEndpoints" name="test_active_regions_endpoint" time="0.154" /><testcase classname="tests.test_regression_iteration9.TestHealthAndBasicEndpoints" name="test_subscription_plans_endpoint" time="0.140" /><testcase classname="tests.test_regression_iteration9.TestRegionDetails" name="test_get_paris_region" time="0.134" /><testcase classname="tests.test_regression_iteration9.TestRegionDetails" name="test_get_nonexistent_region" time="0.127" /><testcase classname="tests.test_regression_iteration9.TestAudioEndpoints" name="test_french_voiceover_exists" time="0.150" /><testcase classname="tests.test_regression_iteration9.TestAudioEndpoints" name="test_english_voiceover_exists" time="0.111" /><testcase classname="tests.test_regression_iteration9.TestAuthEndpoints" name="test_login_with_invalid_credentials" time="0.132" /><testcase classname="tests.test_regression_iteration9.TestAuthEndpoints" name="test_login_with_admin_credentials" time="0.564" /><testcase classname="tests.test_regression_iteration9.TestDriverEndpoints" name="test_available_drivers_requires_auth" time="0.111" /><testcase classname="tests.test_regression_iteration9.TestStaticAssets" name="test_frontend_loads" time="0.124" /></testsuite></testsuites>