<?xml version="1.0" encoding="utf-8"?><testsuites name="pytest tests"><testsuite name="pytest" errors="0" failures="0" skipped="0" tests="12" time="4.208" timestamp="2026-03-30T09:21:32.807190+00:00" hostname="agent-env-7b08a4eb-d930-4744-a6b9-3204dc53d1ad"><testcase classname="backend.tests.test_stripe_checkout.TestHealthAndBasics" name="test_api_health" time="0.131" /><testcase classname="backend.tests.test_stripe_checkout.TestHealthAndBasics" name="test_subscription_plans_endpoint" time="0.106" /><testcase classname="backend.tests.test_stripe_checkout.TestRegions" name="test_get_regions" time="0.232" /><testcase classname="backend.tests.test_stripe_checkout.TestRegions" name="test_get_active_regions" time="0.107" /><testcase classname="backend.tests.test_stripe_checkout.TestUserAuthentication" name="test_login_with_invalid_credentials" time="0.147" /><testcase classname="backend.tests.test_stripe_checkout.TestUserAuthentication" name="test_login_with_test_user" time="0.320" /><testcase classname="backend.tests.test_stripe_checkout.TestStripeCheckout" name="test_checkout_requires_authentication" time="0.220" /><testcase classname="backend.tests.test_stripe_checkout.TestStripeCheckout" name="test_checkout_1week_plan" time="0.978" /><testcase classname="backend.tests.test_stripe_checkout.TestStripeCheckout" name="test_checkout_24h_plan" time="0.858" /><testcase classname="backend.tests.test_stripe_checkout.TestStripeCheckout" name="test_checkout_invalid_plan" time="0.523" /><testcase classname="backend.tests.test_stripe_checkout.TestStripeCheckout" name="test_checkout_invalid_region" time="0.423" /><testcase classname="backend.tests.test_stripe_checkout.TestStripeWebhook" name="test_webhook_rejects_invalid_signature" time="0.099" /></testsuite></testsuites>