<?xml version="1.0" encoding="utf-8"?><testsuites name="pytest tests"><testsuite name="pytest" errors="0" failures="0" skipped="0" tests="18" time="5.801" timestamp="2026-03-13T16:47:29.059916+00:00" hostname="agent-env-327ec86c-2c65-49e4-a7be-43b0ec08bdcb"><testcase classname="backend.tests.test_matching_algorithm.TestAuthSetup" name="test_admin_login" time="0.488" /><testcase classname="backend.tests.test_matching_algorithm.TestMatchingOptimalRoute" name="test_optimal_route_short_distance" time="0.496" /><testcase classname="backend.tests.test_matching_algorithm.TestMatchingOptimalRoute" name="test_optimal_route_medium_distance" time="0.119" /><testcase classname="backend.tests.test_matching_algorithm.TestMatchingOptimalRoute" name="test_optimal_route_long_distance" time="0.133" /><testcase classname="backend.tests.test_matching_algorithm.TestMatchingOptimalRoute" name="test_optimal_route_unauthorized" time="0.148" /><testcase classname="backend.tests.test_matching_algorithm.TestMatchingNetworkStatus" name="test_network_status_structure" time="0.580" /><testcase classname="backend.tests.test_matching_algorithm.TestMatchingNetworkStatus" name="test_network_status_vehicle_details" time="0.116" /><testcase classname="backend.tests.test_matching_algorithm.TestMatchingNetworkStatus" name="test_network_status_unauthorized" time="0.118" /><testcase classname="backend.tests.test_matching_algorithm.TestMatchingTransfers" name="test_transfers_endpoint_structure" time="0.460" /><testcase classname="backend.tests.test_matching_algorithm.TestMatchingTransfers" name="test_transfers_option_structure" time="0.149" /><testcase classname="backend.tests.test_matching_algorithm.TestMatchingTransfers" name="test_transfers_unauthorized" time="0.115" /><testcase classname="backend.tests.test_matching_algorithm.TestMatchingFindDrivers" name="test_find_drivers_structure" time="0.471" /><testcase classname="backend.tests.test_matching_algorithm.TestMatchingFindDrivers" name="test_find_drivers_matching_info" time="0.129" /><testcase classname="backend.tests.test_matching_algorithm.TestMatchingFindDrivers" name="test_find_drivers_sorted_by_score" time="0.145" /><testcase classname="backend.tests.test_matching_algorithm.TestMatchingFindDrivers" name="test_find_drivers_unauthorized" time="0.158" /><testcase classname="backend.tests.test_matching_algorithm.TestDriverPassengers" name="test_driver_passengers_structure" time="0.655" /><testcase classname="backend.tests.test_matching_algorithm.TestRideSuggestions" name="test_suggestions_endpoint" time="0.541" /><testcase classname="backend.tests.test_matching_algorithm.TestAvailableDrivers" name="test_available_drivers_structure" time="0.643" /></testsuite></testsuites>