<?xml version="1.0" encoding="utf-8"?><testsuites name="pytest tests"><testsuite name="pytest" errors="0" failures="0" skipped="0" tests="6" time="1.061" timestamp="2026-06-23T13:12:45.952408+00:00" hostname="agent-env-7b08a4eb-d930-4744-a6b9-3204dc53d1ad"><testcase classname="tests.test_push_notifications.TestVapidPublicKey" name="test_vapid_public_key_returns_valid_key" time="0.166" /><testcase classname="tests.test_push_notifications.TestSubscribeEndpoint" name="test_subscribe_requires_auth" time="0.047" /><testcase classname="tests.test_push_notifications.TestSubscribeEndpoint" name="test_subscribe_with_valid_token" time="0.606" /><testcase classname="tests.test_push_notifications.TestSubscribeEndpoint" name="test_subscribe_is_idempotent_upsert" time="0.093" /><testcase classname="tests.test_push_notifications.TestSubscribeEndpoint" name="test_subscribe_rejects_invalid_payload" time="0.047" /><testcase classname="tests.test_push_notifications.TestNonRegression" name="test_get_notifications_auth" time="0.047" /></testsuite></testsuites>