<?xml version="1.0" encoding="utf-8"?><testsuites name="pytest tests"><testsuite name="pytest" errors="0" failures="0" skipped="0" tests="8" time="2.256" timestamp="2026-04-07T17:48:16.140664+00:00" hostname="agent-env-7b08a4eb-d930-4744-a6b9-3204dc53d1ad"><testcase classname="tests.test_user_registration_new_fields.TestUserRegistrationNewFields" name="test_successful_registration_with_all_fields" time="0.393" /><testcase classname="tests.test_user_registration_new_fields.TestUserRegistrationNewFields" name="test_registration_missing_street_address" time="0.122" /><testcase classname="tests.test_user_registration_new_fields.TestUserRegistrationNewFields" name="test_registration_missing_postal_code" time="0.103" /><testcase classname="tests.test_user_registration_new_fields.TestUserRegistrationNewFields" name="test_registration_missing_city" time="0.444" /><testcase classname="tests.test_user_registration_new_fields.TestUserRegistrationNewFields" name="test_registration_missing_date_of_birth" time="0.112" /><testcase classname="tests.test_user_registration_new_fields.TestUserRegistrationNewFields" name="test_registration_missing_all_new_fields" time="0.113" /><testcase classname="tests.test_user_registration_new_fields.TestUserRegistrationNewFields" name="test_duplicate_email_rejected" time="0.438" /><testcase classname="tests.test_user_registration_new_fields.TestUserDataPersistence" name="test_user_data_persisted_after_registration" time="0.469" /></testsuite></testsuites>