<?xml version="1.0" encoding="utf-8"?><testsuites name="pytest tests"><testsuite name="pytest" errors="0" failures="0" skipped="0" tests="11" time="4.581" timestamp="2026-03-14T08:44:45.377984+00:00" hostname="agent-env-79bc045a-717a-4915-a75e-71c18e9846c2"><testcase classname="backend.tests.test_i18n_and_registration.TestUserRegistration" name="test_user_registration_success" time="0.386" /><testcase classname="backend.tests.test_i18n_and_registration.TestUserRegistration" name="test_user_registration_duplicate_email" time="0.490" /><testcase classname="backend.tests.test_i18n_and_registration.TestDriverRegistration" name="test_driver_registration_success" time="0.358" /><testcase classname="backend.tests.test_i18n_and_registration.TestAdminLogin" name="test_admin_login_success" time="0.371" /><testcase classname="backend.tests.test_i18n_and_registration.TestAdminLogin" name="test_admin_login_wrong_password" time="0.373" /><testcase classname="backend.tests.test_i18n_and_registration.TestAdminEndpoints" name="test_admin_stats" time="0.479" /><testcase classname="backend.tests.test_i18n_and_registration.TestAdminEndpoints" name="test_admin_drivers_list" time="0.480" /><testcase classname="backend.tests.test_i18n_and_registration.TestAdminEndpoints" name="test_admin_users_list" time="0.491" /><testcase classname="backend.tests.test_i18n_and_registration.TestAdminEndpoints" name="test_admin_subscriptions" time="0.473" /><testcase classname="backend.tests.test_i18n_and_registration.TestAdminEndpoints" name="test_admin_cards" time="0.484" /><testcase classname="backend.tests.test_i18n_and_registration.TestSubscriptionPlans" name="test_get_subscription_plans" time="0.120" /></testsuite></testsuites>