<?xml version="1.0" encoding="utf-8"?><testsuites name="pytest tests"><testsuite name="pytest" errors="0" failures="0" skipped="0" tests="10" time="3.724" timestamp="2026-03-15T18:30:35.118624+00:00" hostname="agent-env-ab090386-40b0-44ff-8e39-7883a3400c9b"><testcase classname="backend.tests.test_iteration6_earnings.TestDriverEarningsAPI" name="test_driver_earnings_endpoint_exists" time="0.517" /><testcase classname="backend.tests.test_iteration6_earnings.TestDriverEarningsAPI" name="test_driver_earnings_unauthorized" time="0.150" /><testcase classname="backend.tests.test_iteration6_earnings.TestDriverEarningsAPI" name="test_driver_earnings_response_structure" time="0.445" /><testcase classname="backend.tests.test_iteration6_earnings.TestAdminDriverEarningsAPI" name="test_admin_driver_earnings_endpoint_exists" time="0.429" /><testcase classname="backend.tests.test_iteration6_earnings.TestAdminDriverEarningsAPI" name="test_admin_driver_earnings_unauthorized" time="0.144" /><testcase classname="backend.tests.test_iteration6_earnings.TestAdminDriverEarningsAPI" name="test_admin_driver_earnings_non_admin_forbidden" time="0.464" /><testcase classname="backend.tests.test_iteration6_earnings.TestAdminProcessPayoutsAPI" name="test_admin_process_payouts_endpoint_exists" time="0.452" /><testcase classname="backend.tests.test_iteration6_earnings.TestAdminProcessPayoutsAPI" name="test_admin_process_payouts_unauthorized" time="0.135" /><testcase classname="backend.tests.test_iteration6_earnings.TestAdminProcessPayoutsAPI" name="test_admin_process_payouts_non_admin_forbidden" time="0.489" /><testcase classname="backend.tests.test_iteration6_earnings.TestDriverRateConfiguration" name="test_driver_rate_is_1_50_per_km" time="0.419" /></testsuite></testsuites>