<?xml version="1.0" encoding="utf-8"?><testsuites name="pytest tests"><testsuite name="pytest" errors="0" failures="0" skipped="0" tests="9" time="10.366" timestamp="2026-06-18T18:22:13.645019+00:00" hostname="agent-env-7b08a4eb-d930-4744-a6b9-3204dc53d1ad"><testcase classname="tests.test_patch_v9_password_flow.TestForgotPassword" name="test_forgot_password_unknown_email_returns_200" time="0.322" /><testcase classname="tests.test_patch_v9_password_flow.TestForgotPassword" name="test_forgot_password_creates_reset_doc" time="1.462" /><testcase classname="tests.test_patch_v9_password_flow.TestResetPassword" name="test_reset_password_wrong_code_returns_400" time="1.079" /><testcase classname="tests.test_patch_v9_password_flow.TestResetPassword" name="test_reset_password_valid_code_updates_password" time="2.046" /><testcase classname="tests.test_patch_v9_password_flow.TestChangePassword" name="test_change_password_requires_auth" time="0.098" /><testcase classname="tests.test_patch_v9_password_flow.TestChangePassword" name="test_change_password_wrong_current" time="0.669" /><testcase classname="tests.test_patch_v9_password_flow.TestChangePassword" name="test_change_password_too_short_new" time="0.433" /><testcase classname="tests.test_patch_v9_password_flow.TestChangePassword" name="test_change_password_success_and_login_with_new" time="1.551" /><testcase classname="tests.test_patch_v9_password_flow.TestAntiBruteforceAssoupli" name="test_failed_logins_on_emailA_do_not_block_emailB" time="2.567" /></testsuite></testsuites>