<?xml version="1.0" encoding="utf-8"?><testsuites name="pytest tests"><testsuite name="pytest" errors="0" failures="1" skipped="0" tests="11" time="4.718" timestamp="2026-03-14T08:44:02.436658+00:00" hostname="agent-env-79bc045a-717a-4915-a75e-71c18e9846c2"><testcase classname="backend.tests.test_i18n_and_registration.TestUserRegistration" name="test_user_registration_success" time="0.471" /><testcase classname="backend.tests.test_i18n_and_registration.TestUserRegistration" name="test_user_registration_duplicate_email" time="0.521" /><testcase classname="backend.tests.test_i18n_and_registration.TestDriverRegistration" name="test_driver_registration_success" time="0.378" /><testcase classname="backend.tests.test_i18n_and_registration.TestAdminLogin" name="test_admin_login_success" time="0.354" /><testcase classname="backend.tests.test_i18n_and_registration.TestAdminLogin" name="test_admin_login_wrong_password" time="0.342" /><testcase classname="backend.tests.test_i18n_and_registration.TestAdminEndpoints" name="test_admin_stats" time="0.486" /><testcase classname="backend.tests.test_i18n_and_registration.TestAdminEndpoints" name="test_admin_drivers_list" time="0.469" /><testcase classname="backend.tests.test_i18n_and_registration.TestAdminEndpoints" name="test_admin_users_list" time="0.467" /><testcase classname="backend.tests.test_i18n_and_registration.TestAdminEndpoints" name="test_admin_subscriptions" time="0.484" /><testcase classname="backend.tests.test_i18n_and_registration.TestAdminEndpoints" name="test_admin_cards" time="0.503" /><testcase classname="backend.tests.test_i18n_and_registration.TestSubscriptionPlans" name="test_get_subscription_plans" time="0.146"><failure message="AssertionError: assert 'day' in {'1month': {'duration_hours': 720, 'name': '1 mois', 'price': 53.99}, '1week': {'duration_hours': 168, 'name': '1 semaine', 'price': 16.99}, '24h': {'duration_hours': 24, 'name': '24 heures', 'price': 6.99}}">backend/tests/test_i18n_and_registration.py:247: in test_get_subscription_plans
    assert "day" in plans
E   AssertionError: assert 'day' in {'1month': {'duration_hours': 720, 'name': '1 mois', 'price': 53.99}, '1week': {'duration_hours': 168, 'name': '1 semaine', 'price': 16.99}, '24h': {'duration_hours': 24, 'name': '24 heures', 'price': 6.99}}</failure></testcase></testsuite></testsuites>