<?xml version="1.0" encoding="utf-8"?><testsuites name="pytest tests"><testsuite name="pytest" errors="0" failures="1" skipped="0" tests="27" time="9.483" timestamp="2026-05-26T10:55:02.469159+00:00" hostname="agent-env-7b08a4eb-d930-4744-a6b9-3204dc53d1ad"><testcase classname="tests.test_iteration15_promo_and_tts.TestPromoAdmin" name="test_generate_requires_admin" time="0.173" /><testcase classname="tests.test_iteration15_promo_and_tts.TestPromoAdmin" name="test_generate_forbidden_for_user" time="0.443" /><testcase classname="tests.test_iteration15_promo_and_tts.TestPromoAdmin" name="test_generate_and_list_and_stats" time="0.330" /><testcase classname="tests.test_iteration15_promo_and_tts.TestPromoAdmin" name="test_generate_invalid_expiry" time="0.110" /><testcase classname="tests.test_iteration15_promo_and_tts.TestRedeem" name="test_redeem_404_unknown" time="0.435" /><testcase classname="tests.test_iteration15_promo_and_tts.TestRedeem" name="test_redeem_ok_then_409_already_pending" time="0.896" /><testcase classname="tests.test_iteration15_promo_and_tts.TestRedeem" name="test_redeem_409_used_code" time="0.915" /><testcase classname="tests.test_iteration15_promo_and_tts.TestRedeem" name="test_redeem_410_expired" time="0.456" /><testcase classname="tests.test_iteration15_promo_and_tts.TestSignupPromo" name="test_signup_no_promo_returns_attached_null" time="0.344" /><testcase classname="tests.test_iteration15_promo_and_tts.TestSignupPromo" name="test_signup_with_promo_attaches" time="0.544" /><testcase classname="tests.test_iteration15_promo_and_tts.TestRidesPromoLogic" name="test_no_promo_no_sub_returns_403" time="0.448" /><testcase classname="tests.test_iteration15_promo_and_tts.TestRidesPromoLogic" name="test_promo_too_far_returns_400_with_clear_message" time="0.672" /><testcase classname="tests.test_iteration15_promo_and_tts.TestRidesPromoLogic" name="test_promo_within_limit_creates_free_ride_and_consumes" time="0.722" /><testcase classname="tests.test_iteration15_promo_and_tts.TestTransferAlerts" name="test_info_endpoint" time="0.116" /><testcase classname="tests.test_iteration15_promo_and_tts.TestTransferAlerts" name="test_transfer_alert_mp3[user-fr]" time="0.143" /><testcase classname="tests.test_iteration15_promo_and_tts.TestTransferAlerts" name="test_transfer_alert_mp3[user-en]" time="0.146" /><testcase classname="tests.test_iteration15_promo_and_tts.TestTransferAlerts" name="test_transfer_alert_mp3[user-es]" time="0.135" /><testcase classname="tests.test_iteration15_promo_and_tts.TestTransferAlerts" name="test_transfer_alert_mp3[user-ar]" time="0.133" /><testcase classname="tests.test_iteration15_promo_and_tts.TestTransferAlerts" name="test_transfer_alert_mp3[driver-fr]" time="0.462" /><testcase classname="tests.test_iteration15_promo_and_tts.TestTransferAlerts" name="test_transfer_alert_mp3[driver-en]" time="0.142" /><testcase classname="tests.test_iteration15_promo_and_tts.TestTransferAlerts" name="test_transfer_alert_mp3[driver-es]" time="0.141" /><testcase classname="tests.test_iteration15_promo_and_tts.TestTransferAlerts" name="test_transfer_alert_mp3[driver-ar]" time="0.130" /><testcase classname="tests.test_iteration15_promo_and_tts.TestTransferAlerts" name="test_transfer_alert_cached_second_call" time="0.273" /><testcase classname="tests.test_iteration15_promo_and_tts.TestTransferAlerts" name="test_transfer_alert_bad_params" time="0.212" /><testcase classname="tests.test_iteration15_promo_and_tts.TestTransferAlerts" name="test_pregenerate_admin_only" time="0.559" /><testcase classname="tests.test_iteration15_promo_and_tts.TestTransferAlerts" name="test_pregenerate_admin_ok" time="0.107" /><testcase classname="tests.test_iteration15_promo_and_tts.TestDriverRegisterRegression" name="test_register_driver_with_source_inscription_parrainage" time="0.104"><failure message="AssertionError: {&quot;detail&quot;:&quot;Région non disponible ou inactive&quot;}&#10;assert 400 == 200&#10; +  where 400 = &lt;Response [400]&gt;.status_code">tests/test_iteration15_promo_and_tts.py:441: in test_register_driver_with_source_inscription_parrainage
    assert r.status_code == 200, r.text
E   AssertionError: {"detail":"Région non disponible ou inactive"}
E   assert 400 == 200
E    +  where 400 = &lt;Response [400]&gt;.status_code</failure></testcase></testsuite></testsuites>