<?xml version="1.0" encoding="utf-8"?><testsuites name="pytest tests"><testsuite name="pytest" errors="0" failures="0" skipped="0" tests="8" time="3.894" timestamp="2026-03-14T23:11:15.748161+00:00" hostname="agent-env-ab090386-40b0-44ff-8e39-7883a3400c9b"><testcase classname="backend.tests.test_iteration5_features.TestDriverRegistrationWithBankInfo" name="test_register_driver_with_iban_bic" time="0.453" /><testcase classname="backend.tests.test_iteration5_features.TestDriverRegistrationWithBankInfo" name="test_register_driver_without_bank_info" time="0.354" /><testcase classname="backend.tests.test_iteration5_features.TestBankInfoUpdateAPI" name="test_update_bank_info_as_driver" time="0.649" /><testcase classname="backend.tests.test_iteration5_features.TestBankInfoUpdateAPI" name="test_update_bank_info_unauthorized" time="0.138" /><testcase classname="backend.tests.test_iteration5_features.TestAdminDriverDeactivation" name="test_admin_can_deactivate_driver" time="0.750" /><testcase classname="backend.tests.test_iteration5_features.TestAdminDriverDeactivation" name="test_admin_can_reactivate_driver" time="0.742" /><testcase classname="backend.tests.test_iteration5_features.TestAdminBadgesTranslation" name="test_admin_subscriptions_endpoint" time="0.492" /><testcase classname="backend.tests.test_iteration5_features.TestLanguageConfiguration" name="test_subscription_plans_available" time="0.133" /></testsuite></testsuites>