<?xml version="1.0" encoding="utf-8"?><testsuites name="pytest tests"><testsuite name="pytest" errors="0" failures="2" skipped="0" tests="10" time="3.708" timestamp="2026-03-15T18:29:52.754432+00:00" hostname="agent-env-ab090386-40b0-44ff-8e39-7883a3400c9b"><testcase classname="backend.tests.test_iteration6_earnings.TestDriverEarningsAPI" name="test_driver_earnings_endpoint_exists" time="0.543" /><testcase classname="backend.tests.test_iteration6_earnings.TestDriverEarningsAPI" name="test_driver_earnings_unauthorized" time="0.151" /><testcase classname="backend.tests.test_iteration6_earnings.TestDriverEarningsAPI" name="test_driver_earnings_response_structure" time="0.442" /><testcase classname="backend.tests.test_iteration6_earnings.TestAdminDriverEarningsAPI" name="test_admin_driver_earnings_endpoint_exists" time="0.415"><failure message="AssertionError: Missing 'pending_payouts' in response&#10;assert 'pending_payouts' in {'current_month': '2026-03', 'drivers_count': 0, 'earnings': [], 'payout_day': 10, ...}">backend/tests/test_iteration6_earnings.py:169: in test_admin_driver_earnings_endpoint_exists
    assert "pending_payouts" in data, "Missing 'pending_payouts' in response"
E   AssertionError: Missing 'pending_payouts' in response
E   assert 'pending_payouts' in {'current_month': '2026-03', 'drivers_count': 0, 'earnings': [], 'payout_day': 10, ...}</failure></testcase><testcase classname="backend.tests.test_iteration6_earnings.TestAdminDriverEarningsAPI" name="test_admin_driver_earnings_unauthorized" time="0.149" /><testcase classname="backend.tests.test_iteration6_earnings.TestAdminDriverEarningsAPI" name="test_admin_driver_earnings_non_admin_forbidden" time="0.473" /><testcase classname="backend.tests.test_iteration6_earnings.TestAdminProcessPayoutsAPI" name="test_admin_process_payouts_endpoint_exists" time="0.419"><failure message="AssertionError: Missing 'payouts' in response&#10;assert 'payouts' in {'errors': [], 'errors_count': 0, 'processed': [], 'processed_count': 0, ...}">backend/tests/test_iteration6_earnings.py:247: in test_admin_process_payouts_endpoint_exists
    assert "payouts" in data, "Missing 'payouts' in response"
E   AssertionError: Missing 'payouts' in response
E   assert 'payouts' in {'errors': [], 'errors_count': 0, 'processed': [], 'processed_count': 0, ...}</failure></testcase><testcase classname="backend.tests.test_iteration6_earnings.TestAdminProcessPayoutsAPI" name="test_admin_process_payouts_unauthorized" time="0.134" /><testcase classname="backend.tests.test_iteration6_earnings.TestAdminProcessPayoutsAPI" name="test_admin_process_payouts_non_admin_forbidden" time="0.449" /><testcase classname="backend.tests.test_iteration6_earnings.TestDriverRateConfiguration" name="test_driver_rate_is_1_50_per_km" time="0.437" /></testsuite></testsuites>