<?xml version="1.0" encoding="utf-8"?><testsuites name="pytest tests"><testsuite name="pytest" errors="0" failures="0" skipped="0" tests="16" time="6.330" timestamp="2026-04-02T10:44:02.243137+00:00" hostname="agent-env-7b08a4eb-d930-4744-a6b9-3204dc53d1ad"><testcase classname="backend.tests.test_iteration11_production.TestLandingAndPublicEndpoints" name="test_frontend_loads" time="0.157" /><testcase classname="backend.tests.test_iteration11_production.TestLandingAndPublicEndpoints" name="test_regions_returns_3_regions" time="0.164" /><testcase classname="backend.tests.test_iteration11_production.TestLandingAndPublicEndpoints" name="test_paris_region_is_active" time="0.108" /><testcase classname="backend.tests.test_iteration11_production.TestLandingAndPublicEndpoints" name="test_subscription_plans_available" time="0.118" /><testcase classname="backend.tests.test_iteration11_production.TestAudioVoiceover" name="test_french_voiceover" time="0.118" /><testcase classname="backend.tests.test_iteration11_production.TestAudioVoiceover" name="test_english_voiceover" time="0.101" /><testcase classname="backend.tests.test_iteration11_production.TestUserAuthentication" name="test_user_login_success" time="0.333" /><testcase classname="backend.tests.test_iteration11_production.TestUserAuthentication" name="test_user_login_invalid_credentials" time="0.093" /><testcase classname="backend.tests.test_iteration11_production.TestDriverAuthentication" name="test_driver_login_pierre" time="0.325" /><testcase classname="backend.tests.test_iteration11_production.TestDriverAuthentication" name="test_driver_login_marie" time="0.336" /><testcase classname="backend.tests.test_iteration11_production.TestDriverAuthentication" name="test_driver_login_jean" time="0.332" /><testcase classname="backend.tests.test_iteration11_production.TestMatchingAlgorithm" name="test_find_drivers_returns_3_active" time="0.433" /><testcase classname="backend.tests.test_iteration11_production.TestMatchingAlgorithm" name="test_network_status_shows_3_vehicles" time="0.453" /><testcase classname="backend.tests.test_iteration11_production.TestHelpCenter" name="test_chatbot_endpoint_exists" time="2.961" /><testcase classname="backend.tests.test_iteration11_production.TestInternationalization" name="test_frontend_loads_with_french" time="0.112" /><testcase classname="backend.tests.test_iteration11_production.TestInternationalization" name="test_frontend_loads_with_english" time="0.106" /></testsuite></testsuites>