<?xml version="1.0" encoding="utf-8"?><testsuites name="pytest tests"><testsuite name="pytest" errors="0" failures="0" skipped="0" tests="48" time="3.267" timestamp="2026-05-15T10:02:43.836433+00:00" hostname="agent-env-7b08a4eb-d930-4744-a6b9-3204dc53d1ad"><testcase classname="tests.test_iteration14_admin_apis.TestAlgorithmConfig" name="test_get_returns_vehicle_thresholds_and_queue_timeout" time="0.203" /><testcase classname="tests.test_iteration14_admin_apis.TestAlgorithmConfig" name="test_put_overrides_and_queue_timeout" time="0.098" /><testcase classname="tests.test_iteration14_admin_apis.TestAlgorithmConfig" name="test_put_consistency_rule_min_le_target_le_capacity" time="0.099" /><testcase classname="tests.test_iteration14_admin_apis.TestAlgorithmConfig" name="test_put_invalid_vehicle_type" time="0.048" /><testcase classname="tests.test_iteration14_admin_apis.TestAlgorithmConfig" name="test_reset_clears_overrides" time="0.094" /><testcase classname="tests.test_iteration14_admin_apis.TestAvgFillAndProfitability" name="test_avg_fill_shape" time="0.050" /><testcase classname="tests.test_iteration14_admin_apis.TestAvgFillAndProfitability" name="test_avg_fill_invalid_days" time="0.048" /><testcase classname="tests.test_iteration14_admin_apis.TestAvgFillAndProfitability" name="test_check_profitability" time="0.051" /><testcase classname="tests.test_iteration14_admin_apis.TestAvgFillAndProfitability" name="test_check_profitability_unknown_driver" time="0.047" /><testcase classname="tests.test_iteration14_admin_apis.TestFleetPartnerships" name="test_public_apply_ok" time="0.430" /><testcase classname="tests.test_iteration14_admin_apis.TestFleetPartnerships" name="test_public_apply_anti_doublon" time="0.074" /><testcase classname="tests.test_iteration14_admin_apis.TestFleetPartnerships" name="test_validation_invalid_email" time="0.046" /><testcase classname="tests.test_iteration14_admin_apis.TestFleetPartnerships" name="test_validation_fleet_size_zero" time="0.046" /><testcase classname="tests.test_iteration14_admin_apis.TestFleetPartnerships" name="test_admin_list" time="0.047" /><testcase classname="tests.test_iteration14_admin_apis.TestFleetPartnerships" name="test_admin_status_update_ok" time="0.056" /><testcase classname="tests.test_iteration14_admin_apis.TestFleetPartnerships" name="test_admin_status_invalid" time="0.047" /><testcase classname="tests.test_iteration14_admin_apis.TestFleetPartnerships" name="test_admin_status_unknown_id" time="0.054" /><testcase classname="tests.test_iteration14_admin_apis.TestAdminSendEmail" name="test_send_email_validates_subject_too_short" time="0.065" /><testcase classname="tests.test_iteration14_admin_apis.TestAdminSendEmail" name="test_send_email_validates_body_too_short" time="0.046" /><testcase classname="tests.test_iteration14_admin_apis.TestAdminSendEmail" name="test_send_email_unknown_driver" time="0.049" /><testcase classname="tests.test_iteration14_admin_apis.TestAdminSendEmail" name="test_send_email_real_dispatch_or_500" time="0.691" /><testcase classname="tests.test_iteration14_admin_apis.TestAdminSendEmail" name="test_email_logs_lists_recent" time="0.547" /><testcase classname="tests.test_iteration14_admin_apis.TestAuthGuards" name="test_admin_endpoints_require_auth" time="0.178" /><testcase classname="tests.test_iteration14_admin_apis.TestAuthGuards" name="test_public_fleet_apply_no_auth_required" time="0.047" /><testcase classname="tests.test_profitability_thresholds" name="test_defaults_berline_min_fill_is_3" time="0.000" /><testcase classname="tests.test_profitability_thresholds" name="test_defaults_monospace_min_fill_is_4" time="0.000" /><testcase classname="tests.test_profitability_thresholds" name="test_defaults_van_min_fill_is_5" time="0.000" /><testcase classname="tests.test_profitability_thresholds" name="test_normalize_vehicle_type_aliases" time="0.000" /><testcase classname="tests.test_profitability_thresholds" name="test_normalize_vehicle_type_fallback" time="0.000" /><testcase classname="tests.test_profitability_thresholds" name="test_normalize_vehicle_type_case_insensitive" time="0.000" /><testcase classname="tests.test_profitability_thresholds" name="test_van_solo_passenger_refused" time="0.000" /><testcase classname="tests.test_profitability_thresholds" name="test_van_with_4_passengers_still_refused" time="0.000" /><testcase classname="tests.test_profitability_thresholds" name="test_van_with_5_passengers_dispatched" time="0.000" /><testcase classname="tests.test_profitability_thresholds" name="test_van_full_capacity_dispatched" time="0.000" /><testcase classname="tests.test_profitability_thresholds" name="test_berline_solo_passenger_refused" time="0.000" /><testcase classname="tests.test_profitability_thresholds" name="test_berline_2_passengers_refused" time="0.000" /><testcase classname="tests.test_profitability_thresholds" name="test_berline_3_passengers_dispatched" time="0.000" /><testcase classname="tests.test_profitability_thresholds" name="test_berline_full_dispatched" time="0.000" /><testcase classname="tests.test_profitability_thresholds" name="test_monospace_3_passengers_refused" time="0.000" /><testcase classname="tests.test_profitability_thresholds" name="test_monospace_4_passengers_dispatched" time="0.000" /><testcase classname="tests.test_profitability_thresholds" name="test_projected_fill_capped_at_capacity" time="0.000" /><testcase classname="tests.test_profitability_thresholds" name="test_projected_fill_capped_van" time="0.000" /><testcase classname="tests.test_profitability_thresholds" name="test_force_dispatch_after_timeout" time="0.000" /><testcase classname="tests.test_profitability_thresholds" name="test_no_force_dispatch_if_zero_passengers_even_after_timeout" time="0.000" /><testcase classname="tests.test_profitability_thresholds" name="test_no_force_before_timeout" time="0.000" /><testcase classname="tests.test_profitability_thresholds" name="test_custom_thresholds_override" time="0.000" /><testcase classname="tests.test_profitability_thresholds" name="test_fill_ratio_van_optimal" time="0.000" /><testcase classname="tests.test_profitability_thresholds" name="test_fill_ratio_berline_partial" time="0.000" /></testsuite></testsuites>